# JRE version: OpenJDK Runtime Environment (8.0_242-b01) (build 1.8.0_242-release-1644-b01)
# Java VM: OpenJDK 64-Bit Server VM (25.242-b01 mixed mode windows-amd64 compressed oops)
Heap:
 PSYoungGen      total 380416K, used 20548K [0x00000000d5580000, 0x00000000f5b80000, 0x0000000100000000)
  eden space 356352K, 5% used [0x00000000d5580000,0x00000000d6991000,0x00000000eb180000)
  from space 24064K, 0% used [0x00000000eb180000,0x00000000eb180000,0x00000000ec900000)
  to   space 25088K, 0% used [0x00000000f4300000,0x00000000f4300000,0x00000000f5b80000)
 ParOldGen       total 126464K, used 29685K [0x0000000080000000, 0x0000000087b80000, 0x00000000d5580000)
  object space 126464K, 23% used [0x0000000080000000,0x0000000081cfd588,0x0000000087b80000)
 Metaspace       used 57706K, capacity 59738K, committed 59944K, reserved 1101824K
  class space    used 7952K, capacity 8458K, committed 8496K, reserved 1048576K
GC Heap History (10 events):
Event: 6.976 GC heap before
{Heap before GC invocations=8 (full 1):
 PSYoungGen      total 231936K, used 61653K [0x00000000d5580000, 0x00000000e6f80000, 0x0000000100000000)
  eden space 218624K, 22% used [0x00000000d5580000,0x00000000d84b8838,0x00000000e2b00000)
  from space 13312K, 99% used [0x00000000e6280000,0x00000000e6f7ccc0,0x00000000e6f80000)
  to   space 15872K, 0% used [0x00000000e5080000,0x00000000e5080000,0x00000000e6000000)
 ParOldGen       total 57344K, used 7306K [0x0000000080000000, 0x0000000083800000, 0x00000000d5580000)
  object space 57344K, 12% used [0x0000000080000000,0x0000000080722818,0x0000000083800000)
 Metaspace       used 34584K, capacity 35410K, committed 35496K, reserved 1079296K
  class space    used 4746K, capacity 4972K, committed 5040K, reserved 1048576K
Event: 6.986 GC heap after
Heap after GC invocations=8 (full 1):
 PSYoungGen      total 272896K, used 8989K [0x00000000d5580000, 0x00000000ed800000, 0x0000000100000000)
  eden space 257024K, 0% used [0x00000000d5580000,0x00000000d5580000,0x00000000e5080000)
  from space 15872K, 56% used [0x00000000e5080000,0x00000000e5947400,0x00000000e6000000)
  to   space 15360K, 0% used [0x00000000ec900000,0x00000000ec900000,0x00000000ed800000)
 ParOldGen       total 57344K, used 7314K [0x0000000080000000, 0x0000000083800000, 0x00000000d5580000)
  object space 57344K, 12% used [0x0000000080000000,0x0000000080724818,0x0000000083800000)
 Metaspace       used 34584K, capacity 35410K, committed 35496K, reserved 1079296K
  class space    used 4746K, capacity 4972K, committed 5040K, reserved 1048576K
}
Event: 6.986 GC heap before
{Heap before GC invocations=9 (full 2):
 PSYoungGen      total 272896K, used 8989K [0x00000000d5580000, 0x00000000ed800000, 0x0000000100000000)
  eden space 257024K, 0% used [0x00000000d5580000,0x00000000d5580000,0x00000000e5080000)
  from space 15872K, 56% used [0x00000000e5080000,0x00000000e5947400,0x00000000e6000000)
  to   space 15360K, 0% used [0x00000000ec900000,0x00000000ec900000,0x00000000ed800000)
 ParOldGen       total 57344K, used 7314K [0x0000000080000000, 0x0000000083800000, 0x00000000d5580000)
  object space 57344K, 12% used [0x0000000080000000,0x0000000080724818,0x0000000083800000)
 Metaspace       used 34584K, capacity 35410K, committed 35496K, reserved 1079296K
  class space    used 4746K, capacity 4972K, committed 5040K, reserved 1048576K
Event: 7.074 GC heap after
Heap after GC invocations=9 (full 2):
 PSYoungGen      total 272896K, used 0K [0x00000000d5580000, 0x00000000ed800000, 0x0000000100000000)
  eden space 257024K, 0% used [0x00000000d5580000,0x00000000d5580000,0x00000000e5080000)
  from space 15872K, 0% used [0x00000000e5080000,0x00000000e5080000,0x00000000e6000000)
  to   space 15360K, 0% used [0x00000000ec900000,0x00000000ec900000,0x00000000ed800000)
 ParOldGen       total 86016K, used 15449K [0x0000000080000000, 0x0000000085400000, 0x00000000d5580000)
  object space 86016K, 17% used [0x0000000080000000,0x0000000080f167e0,0x0000000085400000)
 Metaspace       used 34584K, capacity 35410K, committed 35496K, reserved 1079296K
  class space    used 4746K, capacity 4972K, committed 5040K, reserved 1048576K
}
Event: 11.124 GC heap before
{Heap before GC invocations=10 (full 2):
 PSYoungGen      total 272896K, used 257024K [0x00000000d5580000, 0x00000000ed800000, 0x0000000100000000)
  eden space 257024K, 100% used [0x00000000d5580000,0x00000000e5080000,0x00000000e5080000)
  from space 15872K, 0% used [0x00000000e5080000,0x00000000e5080000,0x00000000e6000000)
  to   space 15360K, 0% used [0x00000000ec900000,0x00000000ec900000,0x00000000ed800000)
 ParOldGen       total 86016K, used 15449K [0x0000000080000000, 0x0000000085400000, 0x00000000d5580000)
  object space 86016K, 17% used [0x0000000080000000,0x0000000080f167e0,0x0000000085400000)
 Metaspace       used 55473K, capacity 57516K, committed 57768K, reserved 1099776K
  class space    used 7568K, capacity 8047K, committed 8112K, reserved 1048576K
Event: 11.196 GC heap after
Heap after GC invocations=10 (full 2):
 PSYoungGen      total 371712K, used 15348K [0x00000000d5580000, 0x00000000efc00000, 0x0000000100000000)
  eden space 356352K, 0% used [0x00000000d5580000,0x00000000d5580000,0x00000000eb180000)
  from space 15360K, 99% used [0x00000000ec900000,0x00000000ed7fd300,0x00000000ed800000)
  to   space 24064K, 0% used [0x00000000eb180000,0x00000000eb180000,0x00000000ec900000)
 ParOldGen       total 86016K, used 29849K [0x0000000080000000, 0x0000000085400000, 0x00000000d5580000)
  object space 86016K, 34% used [0x0000000080000000,0x0000000081d26598,0x0000000085400000)
 Metaspace       used 55473K, capacity 57516K, committed 57768K, reserved 1099776K
  class space    used 7568K, capacity 8047K, committed 8112K, reserved 1048576K
}
Event: 11.519 GC heap before
{Heap before GC invocations=11 (full 2):
 PSYoungGen      total 371712K, used 40336K [0x00000000d5580000, 0x00000000efc00000, 0x0000000100000000)
  eden space 356352K, 7% used [0x00000000d5580000,0x00000000d6de6fa0,0x00000000eb180000)
  from space 15360K, 99% used [0x00000000ec900000,0x00000000ed7fd300,0x00000000ed800000)
  to   space 24064K, 0% used [0x00000000eb180000,0x00000000eb180000,0x00000000ec900000)
 ParOldGen       total 86016K, used 29849K [0x0000000080000000, 0x0000000085400000, 0x00000000d5580000)
  object space 86016K, 34% used [0x0000000080000000,0x0000000081d26598,0x0000000085400000)
 Metaspace       used 57030K, capacity 59054K, committed 59160K, reserved 1099776K
  class space    used 7819K, capacity 8288K, committed 8368K, reserved 1048576K
Event: 11.537 GC heap after
Heap after GC invocations=11 (full 2):
 PSYoungGen      total 380416K, used 17261K [0x00000000d5580000, 0x00000000f5b80000, 0x0000000100000000)
  eden space 356352K, 0% used [0x00000000d5580000,0x00000000d5580000,0x00000000eb180000)
  from space 24064K, 71% used [0x00000000eb180000,0x00000000ec25b5c8,0x00000000ec900000)
  to   space 25088K, 0% used [0x00000000f4300000,0x00000000f4300000,0x00000000f5b80000)
 ParOldGen       total 86016K, used 29857K [0x0000000080000000, 0x0000000085400000, 0x00000000d5580000)
  object space 86016K, 34% used [0x0000000080000000,0x0000000081d28598,0x0000000085400000)
 Metaspace       used 57030K, capacity 59054K, committed 59160K, reserved 1099776K
  class space    used 7819K, capacity 8288K, committed 8368K, reserved 1048576K
}
Event: 11.538 GC heap before
{Heap before GC invocations=12 (full 3):
 PSYoungGen      total 380416K, used 17261K [0x00000000d5580000, 0x00000000f5b80000, 0x0000000100000000)
  eden space 356352K, 0% used [0x00000000d5580000,0x00000000d5580000,0x00000000eb180000)
  from space 24064K, 71% used [0x00000000eb180000,0x00000000ec25b5c8,0x00000000ec900000)
  to   space 25088K, 0% used [0x00000000f4300000,0x00000000f4300000,0x00000000f5b80000)
 ParOldGen       total 86016K, used 29857K [0x0000000080000000, 0x0000000085400000, 0x00000000d5580000)
  object space 86016K, 34% used [0x0000000080000000,0x0000000081d28598,0x0000000085400000)
 Metaspace       used 57030K, capacity 59054K, committed 59160K, reserved 1099776K
  class space    used 7819K, capacity 8288K, committed 8368K, reserved 1048576K
Event: 11.835 GC heap after
Heap after GC invocations=12 (full 3):
 PSYoungGen      total 380416K, used 0K [0x00000000d5580000, 0x00000000f5b80000, 0x0000000100000000)
  eden space 356352K, 0% used [0x00000000d5580000,0x00000000d5580000,0x00000000eb180000)
  from space 24064K, 0% used [0x00000000eb180000,0x00000000eb180000,0x00000000ec900000)
  to   space 25088K, 0% used [0x00000000f4300000,0x00000000f4300000,0x00000000f5b80000)
 ParOldGen       total 126464K, used 29685K [0x0000000080000000, 0x0000000087b80000, 0x00000000d5580000)
  object space 126464K, 23% used [0x0000000080000000,0x0000000081cfd588,0x0000000087b80000)
 Metaspace       used 56992K, capacity 58928K, committed 59160K, reserved 1099776K
  class space    used 7807K, capacity 8267K, committed 8368K, reserved 1048576K
}

